<?xml version="1.0" encoding="UTF-8"?>
<!-- Generated by org.testng.reporters.JUnitReportReporter -->
<testsuite hostname="LAPTOP-2DE1T0AK" failures="0" tests="1" name="com.erail.searchtest.CalenderTest" time="11.507" errors="0" timestamp="2025-04-07T10:28:30 IST" skipped="0">
  <testcase classname="com.erail.searchtest.CalenderTest" name="setDate" time="11.507"/>
  <system-out/>
</testsuite> <!-- com.erail.searchtest.CalenderTest -->
