<?xml version="1.0" encoding="UTF-8"?>
<!-- Generated by org.testng.reporters.JUnitReportReporter -->
<testsuite hostname="LAPTOP-2DE1T0AK" failures="0" tests="1" name="com.erail.searchtest.HomePageTest" time="579.834" errors="0" timestamp="2025-04-06T18:02:01 IST" skipped="0">
  <testcase classname="com.erail.searchtest.HomePageTest" name="compareWithExistingStation" time="579.834"/>
  <system-out>
    <![CDATA[Denduluru
DEL
Delang
DEG
Delhi
DLI
Delhi Azadpur
DAZ
Delhi Cantt
DEC
Delhi Indrapuri
DLPI
Delhi Kishanganj
DKZ
Delhi S Rohilla
DEE
Delhi Safdarjng
DSJ
Delhi Shahdara
DSA
Delhi Shahdara A Panel
DSAP
Delvada
DVA
Adarsh Nagar Delhi
ANDI
Bandel Jn
BDC
Bodeli
BDE
Coromandel
COL]]>
  </system-out>
</testsuite> <!-- com.erail.searchtest.HomePageTest -->
